android/app/build/intermediates/manifest_merge_blame_file/debug/processDebugMainManifest/manifest-merger-blame-debug-report.txt
1<?xml version="1.0" encoding="utf-8"?>
2<manifest xmlns:android="http://schemas.android.com/apk/res/android"
3    package="com.scheke.studyloop"
4    android:versionCode="1"
5    android:versionName="1.0" >
6
7    <uses-sdk
8        android:minSdkVersion="23"
9        android:targetSdkVersion="35" />
10
11    <uses-permission android:name="android.permission.INTERNET" />
11-->src\main\AndroidManifest.xml:2:5-67
11-->src\main\AndroidManifest.xml:2:22-64
12    <uses-permission android:name="android.permission.RECORD_AUDIO" />
12-->src\main\AndroidManifest.xml:3:5-71
12-->src\main\AndroidManifest.xml:3:22-68
13
14    <uses-feature
14-->src\main\AndroidManifest.xml:4:5-89
15        android:name="android.hardware.microphone"
15-->src\main\AndroidManifest.xml:4:19-61
16        android:required="false" />
16-->src\main\AndroidManifest.xml:4:62-86
17
18    <application
18-->src\main\AndroidManifest.xml:5:5-12:19
19        android:allowBackup="false"
19-->src\main\AndroidManifest.xml:5:188-215
20        android:debuggable="true"
21        android:extractNativeLibs="false"
22        android:hardwareAccelerated="true"
22-->src\main\AndroidManifest.xml:5:216-250
23        android:icon="@mipmap/ic_launcher"
23-->src\main\AndroidManifest.xml:5:76-110
24        android:label="StudyLoop"
24-->src\main\AndroidManifest.xml:5:50-75
25        android:roundIcon="@mipmap/ic_launcher"
25-->src\main\AndroidManifest.xml:5:111-150
26        android:theme="@style/AppTheme"
26-->src\main\AndroidManifest.xml:5:18-49
27        android:usesCleartextTraffic="false" >
27-->src\main\AndroidManifest.xml:5:151-187
28        <activity
28-->src\main\AndroidManifest.xml:6:9-11:20
29            android:name="com.scheke.studyloop.MainActivity"
29-->src\main\AndroidManifest.xml:6:19-47
30            android:exported="true" >
30-->src\main\AndroidManifest.xml:6:48-71
31            <intent-filter>
31-->src\main\AndroidManifest.xml:7:13-10:29
32                <action android:name="android.intent.action.MAIN" />
32-->src\main\AndroidManifest.xml:8:17-69
32-->src\main\AndroidManifest.xml:8:25-66
33
34                <category android:name="android.intent.category.LAUNCHER" />
34-->src\main\AndroidManifest.xml:9:17-77
34-->src\main\AndroidManifest.xml:9:27-74
35            </intent-filter>
36        </activity>
37    </application>
38
39</manifest>